<?xml version="1.0" encoding="UTF-8"?>
<testsuite xmlns:xsi="http://www.w3.org/2001/XMLSchema-instance" xsi:noNamespaceSchemaLocation="https://maven.apache.org/surefire/maven-surefire-plugin/xsd/surefire-test-report-3.0.xsd" version="3.0" name="dis.pokemonRestAPI.pokemonAPI.PokemonApiApplicationTests" time="2.466" tests="1" errors="0" skipped="0" failures="0">
  <properties>
[...]
</properties>
  <testcase name="contextLoads" classname="dis.pokemonRestAPI.pokemonAPI.PokemonApiApplicationTests" time="0.646">
    <system-out><![CDATA[20:39:48.544 [main] INFO org.springframework.test.context.support.AnnotationConfigContextLoaderUtils -- Could not detect default configuration classes for test class [dis.pokemonRestAPI.pokemonAPI.PokemonApiApplicationTests]: PokemonApiApplicationTests does not declare any static, non-private, non-final, nested classes annotated with @Configuration.
20:39:48.642 [main] INFO org.springframework.boot.test.context.SpringBootTestContextBootstrapper -- Found @SpringBootConfiguration dis.pokemonRestAPI.pokemonAPI.PokemonApiApplication for test class dis.pokemonRestAPI.pokemonAPI.PokemonApiApplicationTests

  .   ____          _            __ _ _
 /\\ / ___'_ __ _ _(_)_ __  __ _ \ \ \ \
( ( )\___ | '_ | '_| | '_ \/ _` | \ \ \ \
 \\/  ___)| |_)| | | | | || (_| |  ) ) ) )
  '  |____| .__|_| |_|_| |_\__, | / / / /
 =========|_|==============|___/=/_/_/_/

 :: Spring Boot ::                (v3.3.5)

2024-11-11T20:39:49.013+01:00  INFO 12092 --- [pokemonAPI] [           main] d.p.p.PokemonApiApplicationTests         : Starting PokemonApiApplicationTests using Java 23 with PID 12092 (started by david in C:\Users\david\Desktop\DIS\pokemonAPI)
2024-11-11T20:39:49.015+01:00  INFO 12092 --- [pokemonAPI] [           main] d.p.p.PokemonApiApplicationTests         : No active profile set, falling back to 1 default profile: "default"
2024-11-11T20:39:50.200+01:00  INFO 12092 --- [pokemonAPI] [           main] d.p.p.PokemonApiApplicationTests         : Started PokemonApiApplicationTests in 1.446 seconds (process running for 2.291)
]]></system-out>
    <system-err><![CDATA[WARNING: A Java agent has been loaded dynamically (C:\Users\david\.m2\repository\net\bytebuddy\byte-buddy-agent\1.14.19\byte-buddy-agent-1.14.19.jar)
WARNING: If a serviceability tool is in use, please run with -XX:+EnableDynamicAgentLoading to hide this warning
WARNING: If a serviceability tool is not in use, please run with -Djdk.instrument.traceUsage for more information
WARNING: Dynamic loading of agents will be disallowed by default in a future release
]]></system-err>
  </testcase>
</testsuite>